[debug] [2019-04-19T06:10:14.267Z] ----------------------------------------------------------------------
[debug] [2019-04-19T06:10:14.270Z] Command:       C:\Program Files\nodejs\node.exe C:\Users\Fede\AppData\Roaming\npm\node_modules\firebase-tools\lib\bin\firebase.js serve
[debug] [2019-04-19T06:10:14.270Z] CLI Version:   6.7.0
[debug] [2019-04-19T06:10:14.270Z] Platform:      win32
[debug] [2019-04-19T06:10:14.270Z] Node Version:  v10.15.3
[debug] [2019-04-19T06:10:14.271Z] Time:          Fri Apr 19 2019 03:10:14 GMT-0300 (GMT-03:00)
[debug] [2019-04-19T06:10:14.271Z] ----------------------------------------------------------------------
[debug] 
[debug] [2019-04-19T06:10:14.280Z] > command requires scopes: ["email","openid","https://www.googleapis.com/auth/cloudplatformprojects.readonly","https://www.googleapis.com/auth/firebase","https://www.googleapis.com/auth/cloud-platform"]
[debug] [2019-04-19T06:10:14.281Z] > authorizing via signed-in user
[debug] [2019-04-19T06:10:14.281Z] [iam] checking project tp-sala-de-juegos-47211 for permissions ["firebase.projects.get"]
[debug] [2019-04-19T06:10:14.283Z] >>> HTTP REQUEST POST https://cloudresourcemanager.googleapis.com/v1/projects/tp-sala-de-juegos-47211:testIamPermissions  

[debug] [2019-04-19T06:10:15.799Z] <<< HTTP RESPONSE 200
[debug] [2019-04-19T06:10:15.801Z] >>> HTTP REQUEST GET https://cloudresourcemanager.googleapis.com/v1/projects/tp-sala-de-juegos-47211  
 
[debug] [2019-04-19T06:10:17.009Z] <<< HTTP RESPONSE 200
[info] 
[info] === Serving from 'C:\Users\Fede\Desktop\TP Sala de Juegos'...
[info] 
[debug] [2019-04-19T06:10:17.012Z] >>> HTTP REQUEST GET https://mobilesdk-pa.googleapis.com/v1/projects/245518479305/clients/_:getWebAppConfig  
 
[debug] [2019-04-19T06:10:17.639Z] <<< HTTP RESPONSE 200
[info] i  hosting: Serving hosting files from: dist
[info] +  hosting: Local server: http://localhost:5000
