[debug] ----------------------------------------------------------------------
[debug] Command:      C:\Program Files\nodejs\node.exe C:\Users\alumno\AppData\Roaming\npm\node_modules\firebase-tools\bin\firebase deploy --debug
[debug] CLI Version:  3.2.0
[debug] Platform:     win32
[debug] Node Version: v11.12.0
[debug] Time:         Thu Apr 11 2019 20:55:43 GMT-0300 (GMT-03:00)
[debug] ----------------------------------------------------------------------
[debug] 
[debug] > command requires scopes: ["email","openid","https://www.googleapis.com/auth/cloudplatformprojects.readonly","https://www.googleapis.com/auth/firebase"]
[debug] >>> HTTP REQUEST GET https://admin.firebase.com/v1/projects/tp-sala-de-juegos-47211 
[debug] <<< HTTP RESPONSE 200
[debug] >>> HTTP REQUEST GET https://admin.firebase.com/v1/database/tp-sala-de-juegos-47211/tokens 
[debug] <<< HTTP RESPONSE 200
[info] 
[info] === Deploying to 'tp-sala-de-juegos-47211'...
[info] 
[info] i  deploying database, hosting
[info] +  database: rules ready to deploy.
[info] i  hosting: preparing dist directory for upload...
[debug] >>> HTTP REQUEST PUT https://deploy.firebase.com/v1/hosting/tp-sala-de-juegos-47211/uploads/-LcDp1qw00DNzPxlsrXo?fileCount=35&message= 
[debug] <<< HTTP RESPONSE 410
[debug] <<< HTTP RESPONSE BODY undefined
[debug] TypeError: Cannot read property 'error' of undefined
    at module.exports (C:\Users\alumno\AppData\Roaming\npm\node_modules\firebase-tools\lib\responseToError.js:10:13)
    at Request._callback (C:\Users\alumno\AppData\Roaming\npm\node_modules\firebase-tools\lib\api.js:37:25)
    at Request.self.callback (C:\Users\alumno\AppData\Roaming\npm\node_modules\firebase-tools\node_modules\request\request.js:186:22)
    at Request.emit (events.js:197:13)
    at Request.<anonymous> (C:\Users\alumno\AppData\Roaming\npm\node_modules\firebase-tools\node_modules\request\request.js:1081:10)
    at Request.emit (events.js:197:13)
    at IncomingMessage.<anonymous> (C:\Users\alumno\AppData\Roaming\npm\node_modules\firebase-tools\node_modules\request\request.js:1001:12)
    at Object.onceWrapper (events.js:285:20)
    at IncomingMessage.emit (events.js:202:15)
    at endReadableNT (_stream_readable.js:1132:12)
[error] 
[error] Error: An unexpected error has occurred.
